<?xml version="1.0" encoding="UTF-8"?>
<con:soapui-project id="31fcb041-611f-4b1d-bc68-8cb7c518a5a5" activeEnvironment="Default" name="Componenttests: Customer" resourceRoot="" soapui-version="5.7.0" abortOnError="false" runType="SEQUENTIAL" xmlns:con="http://eviware.com/soapui/config"><con:settings/><con:interface xsi:type="con:RestService" id="7c95d799-26b3-4742-b40e-0a9e1e4d8675" wadlVersion="http://wadl.dev.java.net/2009/02" name="http://localhost:2000" type="rest" xmlns:xsi="http://www.w3.org/2001/XMLSchema-instance"><con:settings/><con:definitionCache type="TEXT" rootPart=""/><con:endpoints><con:endpoint>http://localhost:2000</con:endpoint></con:endpoints><con:resource name="Setup-casting" path="/setup-casting" id="d5399884-7efd-48af-9081-8b5a5d7be125"><con:settings/><con:parameters/><con:method name="Setup-casting" id="18088337-49a5-4368-bdea-12a66bd4c6f3" method="POST"><con:settings/><con:parameters><con:parameter><con:name>Content-Type</con:name><con:value>application/json</con:value><con:style>HEADER</con:style><con:default>application/json</con:default></con:parameter></con:parameters><con:representation type="RESPONSE"><con:mediaType>application/json</con:mediaType><con:status>200</con:status><con:params/><con:element xmlns:set="http://localhost/setup-casting">set:Response</con:element></con:representation><con:representation type="REQUEST"><con:mediaType>application/json</con:mediaType><con:params/></con:representation><con:representation type="FAULT"><con:mediaType xsi:nil="true"/><con:status>500</con:status><con:params/><con:element>data</con:element></con:representation><con:representation type="FAULT"><con:mediaType xsi:nil="true"/><con:status>500</con:status><con:params/><con:element>data</con:element></con:representation><con:representation type="FAULT"><con:mediaType xsi:nil="true"/><con:status>500</con:status><con:params/><con:element>data</con:element></con:representation><con:representation type="REQUEST"><con:mediaType>application/x-www-form-urlencoded</con:mediaType><con:params/></con:representation><con:representation type="FAULT"><con:mediaType xsi:nil="true"/><con:status>500</con:status><con:params/><con:element>data</con:element></con:representation><con:representation type="FAULT"><con:mediaType xsi:nil="true"/><con:status>500</con:status><con:params/><con:element>data</con:element></con:representation><con:representation type="FAULT"><con:mediaType xsi:nil="true"/><con:status>500</con:status><con:params/><con:element>data</con:element></con:representation><con:representation type="FAULT"><con:mediaType>text/html; charset=utf-8</con:mediaType><con:status>404</con:status><con:params/><con:element>html</con:element></con:representation><con:representation type="FAULT"><con:mediaType xsi:nil="true"/><con:status>500</con:status><con:params/><con:element>data</con:element></con:representation><con:representation type="FAULT"><con:mediaType xsi:nil="true"/><con:status>500</con:status><con:params/><con:element>data</con:element></con:representation><con:representation type="FAULT"><con:mediaType xsi:nil="true"/><con:status>500</con:status><con:params/><con:element>data</con:element></con:representation><con:representation type="FAULT"><con:mediaType xsi:nil="true"/><con:status>500</con:status><con:params/><con:element>data</con:element></con:representation><con:request name="setup-casting for infection-ws" id="75ed8f0c-09e4-4428-b892-0fab3eb07bbb" mediaType="application/json" postQueryString="false"><con:settings><con:setting id="com.eviware.soapui.impl.wsdl.WsdlRequest@request-headers">&lt;xml-fragment/></con:setting></con:settings><con:endpoint>http://localhost:2000</con:endpoint><con:request>{
  "_comment-arbiter: 3100": "Infection/non-interactive-arbiter.arbiter",
  "arbiter": "http://localhost:3100",
  
  "_comment-player1: 3101": "Infection/non-interactive-minimax-player1.player",
  "player1": "http://localhost:3101",
  
  "_comment-player2: 3102": "Infection/non-interactive-minimax-player2.player",
  "player2": "http://localhost:3102"
}</con:request><con:originalUri>http://localhost/setup-casting</con:originalUri><con:credentials><con:authType>No Authorization</con:authType></con:credentials><con:jmsConfig JMSDeliveryMode="PERSISTENT"/><con:jmsPropertyConfig/><con:parameters><entry key="Content-Type" value="application/json" xmlns="http://eviware.com/soapui/config"/></con:parameters><con:parameterOrder><con:entry>Content-Type</con:entry></con:parameterOrder></con:request></con:method></con:resource><con:resource name="Request-casting" path="/request-casting" id="94da0826-7b15-40c3-b5c1-9b1a87b55043"><con:settings/><con:parameters/><con:method name="Request-casting" id="807abe09-884e-48b1-8ce1-1daa988a32d4" method="GET"><con:settings/><con:parameters/><con:representation type="RESPONSE"><con:mediaType>application/json</con:mediaType><con:status>200</con:status><con:params/><con:element xmlns:req="http://localhost/request-casting">req:Response</con:element></con:representation><con:representation type="FAULT"><con:mediaType>application/json</con:mediaType><con:status>409</con:status><con:params/><con:element xmlns:req="http://localhost/request-casting">req:Fault</con:element></con:representation><con:representation type="RESPONSE"><con:mediaType>text/json; charset=utf-8</con:mediaType><con:status>200</con:status><con:params/><con:element xmlns:req="http://localhost/request-casting">req:Response</con:element></con:representation><con:request name="request-casting" id="46bccd18-d886-402c-82ca-869af91fba05" mediaType="application/json"><con:settings><con:setting id="com.eviware.soapui.impl.wsdl.WsdlRequest@request-headers">&lt;xml-fragment/></con:setting></con:settings><con:endpoint>http://localhost:2000</con:endpoint><con:request/><con:originalUri>http://localhost/request-casting</con:originalUri><con:credentials><con:authType>No Authorization</con:authType></con:credentials><con:jmsConfig JMSDeliveryMode="PERSISTENT"/><con:jmsPropertyConfig/><con:parameters/></con:request></con:method></con:resource><con:resource name="Init-customer" path="/init-customer" id="94da0826-7b15-40c3-b5c1-9b1a87b55043"><con:settings/><con:parameters/><con:method name="Init-customer" id="807abe09-884e-48b1-8ce1-1daa988a32d4" method="GET"><con:settings/><con:parameters/><con:representation type="RESPONSE"><con:mediaType>application/json</con:mediaType><con:status>200</con:status><con:params/><con:element xmlns:req="http://localhost/request-casting">req:Response</con:element></con:representation><con:request name="init-customer" id="46bccd18-d886-402c-82ca-869af91fba05" mediaType="application/json"><con:settings><con:setting id="com.eviware.soapui.impl.wsdl.WsdlRequest@request-headers">&lt;xml-fragment/></con:setting></con:settings><con:endpoint>http://localhost:2000</con:endpoint><con:request/><con:originalUri>http://localhost/request-casting</con:originalUri><con:credentials><con:authType>No Authorization</con:authType></con:credentials><con:jmsConfig JMSDeliveryMode="PERSISTENT"/><con:jmsPropertyConfig/><con:parameters/></con:request></con:method></con:resource></con:interface><con:testSuite id="17cbaaab-fdc0-4bdb-9d77-6fe6cd033e9e" name="Testsuite: Component Customer"><con:description>TestSuite generated for REST Service [http://localhost:2000]</con:description><con:settings/><con:runType>SEQUENTIAL</con:runType><con:testCase id="119416ba-b455-4cbf-b17d-6795fab8b67a" failOnError="true" failTestCaseOnErrors="true" keepSession="false" maxResults="0" name="Testcase: Positive" searchProperties="true"><con:settings/><con:testStep type="restrequest" name="Init-customer" id="d47b731b-ec4f-42bc-9d7e-63b1c2d699ef"><con:settings/><con:config service="http://localhost:2000" resourcePath="/init-customer" methodName="Init-customer" xsi:type="con:RestRequestStep" xmlns:xsi="http://www.w3.org/2001/XMLSchema-instance"><con:restRequest name="Init-customer" id="46bccd18-d886-402c-82ca-869af91fba05" mediaType="application/json"><con:settings><con:setting id="com.eviware.soapui.impl.wsdl.WsdlRequest@request-headers">&lt;xml-fragment/></con:setting></con:settings><con:endpoint>http://localhost:2000</con:endpoint><con:request/><con:originalUri>http://localhost/request-casting</con:originalUri><con:assertion type="Valid HTTP Status Codes" id="af573234-8be6-439c-83cb-8acbabbb9e54" name="Valid HTTP Status Codes"><con:configuration><codes>200</codes></con:configuration></con:assertion><con:assertion type="JsonPath Existence Match" id="51601730-e64d-453e-83ac-fcd637c663ee" name="JsonPath Existence Match"><con:configuration><path>$.data</path><content>true</content><allowWildcards>false</allowWildcards><ignoreNamspaceDifferences>false</ignoreNamspaceDifferences><ignoreComments>false</ignoreComments></con:configuration></con:assertion><con:assertion type="JsonPath Match" id="06a727d2-cea3-4090-a2e4-ad23c0b73eb5" name="JsonPath Match"><con:configuration><path>$.data</path><content>["Ok"]</content><allowWildcards>false</allowWildcards><ignoreNamspaceDifferences>false</ignoreNamspaceDifferences><ignoreComments>false</ignoreComments></con:configuration></con:assertion><con:credentials><con:authType>No Authorization</con:authType></con:credentials><con:jmsConfig JMSDeliveryMode="PERSISTENT"/><con:jmsPropertyConfig/><con:parameters/></con:restRequest></con:config></con:testStep><con:testStep type="restrequest" name="Setup-casting for infection-ws" id="6a3287c9-34e6-4913-afca-7db7f7da4ba9"><con:settings/><con:config service="http://localhost:2000" resourcePath="/setup-casting" methodName="Setup-casting" xsi:type="con:RestRequestStep" xmlns:xsi="http://www.w3.org/2001/XMLSchema-instance"><con:restRequest name="Setup-casting for infection-ws" id="75ed8f0c-09e4-4428-b892-0fab3eb07bbb" mediaType="application/json" postQueryString="false"><con:settings><con:setting id="com.eviware.soapui.impl.wsdl.WsdlRequest@request-headers">&lt;xml-fragment/></con:setting></con:settings><con:endpoint>http://localhost:2000</con:endpoint><con:request>{
  "_comment-arbiter: 3100": "Infection/non-interactive-arbiter.arbiter",
  "arbiter": "http://localhost:3100",
  
  "_comment-player1: 3101": "Infection/non-interactive-minimax-player1.player",
  "player1": "http://localhost:3101",
  
  "_comment-player2: 3102": "Infection/non-interactive-minimax-player2.player",
  "player2": "http://localhost:3102"
}</con:request><con:originalUri>http://localhost/setup-casting</con:originalUri><con:assertion type="Valid HTTP Status Codes" id="6d9567d4-d704-410b-bc36-4720eded645b" name="Valid HTTP Status Codes"><con:configuration><codes>200</codes></con:configuration></con:assertion><con:assertion type="JsonPath Existence Match" id="a3d45cd8-43fd-458a-9316-99d5ebb0f4fd" name="JsonPath Existence Match"><con:configuration><path>$.data</path><content>true</content><allowWildcards>false</allowWildcards><ignoreNamspaceDifferences>false</ignoreNamspaceDifferences><ignoreComments>false</ignoreComments></con:configuration></con:assertion><con:assertion type="JsonPath Match" id="d9e943e6-3338-4e0f-96fa-3c909822df4f" name="JsonPath Match"><con:configuration><path>$.data</path><content>["setupOK"]</content><allowWildcards>false</allowWildcards><ignoreNamspaceDifferences>false</ignoreNamspaceDifferences><ignoreComments>false</ignoreComments></con:configuration></con:assertion><con:credentials><con:authType>No Authorization</con:authType></con:credentials><con:jmsConfig JMSDeliveryMode="PERSISTENT"/><con:jmsPropertyConfig/><con:parameters><entry key="Content-Type" value="application/json" xmlns="http://eviware.com/soapui/config"/></con:parameters><con:parameterOrder><con:entry>Content-Type</con:entry></con:parameterOrder></con:restRequest></con:config></con:testStep><con:testStep type="restrequest" name="Request-casting" id="e418dbba-049c-401f-9ce2-ee606cbe53b2"><con:settings/><con:config service="http://localhost:2000" resourcePath="/request-casting" methodName="Request-casting" xsi:type="con:RestRequestStep" xmlns:xsi="http://www.w3.org/2001/XMLSchema-instance"><con:restRequest name="Request-casting" id="46bccd18-d886-402c-82ca-869af91fba05" mediaType="application/json"><con:settings><con:setting id="com.eviware.soapui.impl.wsdl.WsdlRequest@request-headers">&lt;xml-fragment/></con:setting></con:settings><con:endpoint>http://localhost:2000</con:endpoint><con:request/><con:originalUri>http://localhost/request-casting</con:originalUri><con:assertion type="Valid HTTP Status Codes" id="0d305966-0b8d-4193-9473-7f87541690a9" name="Valid HTTP Status Codes"><con:configuration><codes>200</codes></con:configuration></con:assertion><con:assertion type="JsonPath Existence Match" id="9beca1d5-58fe-47e9-99fc-004a3f3d4b74" name="JsonPath Existence Match - data"><con:configuration><path>$.data</path><content>true</content><allowWildcards>false</allowWildcards><ignoreNamspaceDifferences>false</ignoreNamspaceDifferences><ignoreComments>false</ignoreComments></con:configuration></con:assertion><con:assertion type="Simple Contains" id="658b5931-5d51-432d-b17d-ed8d4a43b1a2" name="Contains"><con:configuration><token>castingOK.*:player1.*:player2.*:arbiter</token><ignoreCase>false</ignoreCase><useRegEx>true</useRegEx></con:configuration></con:assertion><con:credentials><con:authType>No Authorization</con:authType></con:credentials><con:jmsConfig JMSDeliveryMode="PERSISTENT"/><con:jmsPropertyConfig/><con:parameters/></con:restRequest></con:config></con:testStep><con:properties/></con:testCase><con:testCase id="0e89eb13-ace7-426d-b34e-91c8c6d820f4" failOnError="true" failTestCaseOnErrors="true" keepSession="false" maxResults="0" name="Testcase: Negative" searchProperties="true"><con:settings/><con:testStep type="restrequest" name="Init-customer" id="f2246b29-b003-43d8-83ec-de23d501d312"><con:settings/><con:config service="http://localhost:2000" resourcePath="/init-customer" methodName="Init-customer" xsi:type="con:RestRequestStep" xmlns:xsi="http://www.w3.org/2001/XMLSchema-instance"><con:restRequest name="Init-customer" id="46bccd18-d886-402c-82ca-869af91fba05" mediaType="application/json"><con:settings><con:setting id="com.eviware.soapui.impl.wsdl.WsdlRequest@request-headers">&lt;xml-fragment/></con:setting></con:settings><con:endpoint>http://localhost:2000</con:endpoint><con:request/><con:originalUri>http://localhost/request-casting</con:originalUri><con:assertion type="Valid HTTP Status Codes" id="af573234-8be6-439c-83cb-8acbabbb9e54" name="Valid HTTP Status Codes"><con:configuration><codes>200</codes></con:configuration></con:assertion><con:assertion type="JsonPath Existence Match" id="51601730-e64d-453e-83ac-fcd637c663ee" name="JsonPath Existence Match"><con:configuration><path>$.data</path><content>true</content><allowWildcards>false</allowWildcards><ignoreNamspaceDifferences>false</ignoreNamspaceDifferences><ignoreComments>false</ignoreComments></con:configuration></con:assertion><con:assertion type="JsonPath Match" id="06a727d2-cea3-4090-a2e4-ad23c0b73eb5" name="JsonPath Match"><con:configuration><path>$.data</path><content>["Ok"]</content><allowWildcards>false</allowWildcards><ignoreNamspaceDifferences>false</ignoreNamspaceDifferences><ignoreComments>false</ignoreComments></con:configuration></con:assertion><con:credentials><con:authType>No Authorization</con:authType></con:credentials><con:jmsConfig JMSDeliveryMode="PERSISTENT"/><con:jmsPropertyConfig/><con:parameters/></con:restRequest></con:config></con:testStep><con:testStep type="restrequest" name="Request-casting" id="679d9415-2f5c-401b-845b-eec7f22c134c"><con:settings/><con:config service="http://localhost:2000" resourcePath="/request-casting" methodName="Request-casting" xsi:type="con:RestRequestStep" xmlns:xsi="http://www.w3.org/2001/XMLSchema-instance"><con:restRequest name="Request-casting" id="46bccd18-d886-402c-82ca-869af91fba05" mediaType="application/json"><con:settings><con:setting id="com.eviware.soapui.impl.wsdl.WsdlRequest@request-headers">&lt;xml-fragment/></con:setting></con:settings><con:endpoint>http://localhost:2000</con:endpoint><con:request/><con:originalUri>http://localhost/request-casting</con:originalUri><con:assertion type="Invalid HTTP Status Codes" id="7eceee14-a519-47d7-aeef-206bc8cc95dc" name="Invalid HTTP Status Codes"><con:configuration><codes>200</codes></con:configuration></con:assertion><con:assertion type="JsonPath Existence Match" id="9beca1d5-58fe-47e9-99fc-004a3f3d4b74" name="JsonPath Existence Match - data"><con:configuration><path>$.data</path><content>true</content><allowWildcards>false</allowWildcards><ignoreNamspaceDifferences>false</ignoreNamspaceDifferences><ignoreComments>false</ignoreComments></con:configuration></con:assertion><con:assertion type="Simple Contains" id="658b5931-5d51-432d-b17d-ed8d4a43b1a2" name="Contains"><con:configuration><token>No castings available</token><ignoreCase>false</ignoreCase><useRegEx>true</useRegEx></con:configuration></con:assertion><con:assertion type="Simple NotContains" id="7fd15272-5be3-4d82-aeca-e357313f60d5" name="Not Contains"><con:configuration><token>castingOK.*:player1.*:player2.*:arbiter</token><ignoreCase>false</ignoreCase><useRegEx>true</useRegEx></con:configuration></con:assertion><con:credentials><con:authType>No Authorization</con:authType></con:credentials><con:jmsConfig JMSDeliveryMode="PERSISTENT"/><con:jmsPropertyConfig/><con:parameters/></con:restRequest></con:config></con:testStep><con:properties/></con:testCase><con:properties/></con:testSuite><con:properties/><con:wssContainer/><con:oAuth2ProfileContainer/><con:oAuth1ProfileContainer/><con:sensitiveInformation/></con:soapui-project>